2020-09-09 17:47:51,835 - sunmine_log - INFO - Logging works!
2020-09-09 17:47:51,835 - sunmine_log - INFO - Started Sunmine application
2020-09-09 17:47:51,835 - sunmine_log - INFO - Current state of the miner: off
2020-09-09 17:47:51,835 - sunmine_log - INFO - Getting sunrise/sunset data from the internet...
2020-09-09 17:47:52,710 - sunmine_log - INFO - Sun is up: True
2020-09-09 17:47:52,710 - sunmine_log - INFO - Getting weather data from the internet...
2020-09-09 17:47:52,966 - sunmine_log - INFO - Weather conditions: Clouds - 803
2020-09-09 17:47:52,966 - sunmine_log - INFO - Weather is acceptable for mining: False
2020-09-09 17:47:52,966 - sunmine_log - INFO - Mining Off
2020-09-09 17:47:53,782 - sunmine_log - WARNING - Mining process not running, do not need to kill process.
2020-09-10 20:01:54,900 - sunmine_log - INFO - Logging works!
2020-09-10 20:01:54,900 - sunmine_log - INFO - Started Sunmine application
2020-09-10 20:01:54,908 - sunmine_log - INFO - Current state of the miner: off
2020-09-10 20:01:54,908 - sunmine_log - INFO - Getting sunrise/sunset data from the internet...
2020-09-10 20:01:55,797 - sunmine_log - INFO - Sun is up: False
2020-09-10 20:01:55,797 - sunmine_log - INFO - Getting weather data from the internet...
2020-09-17 21:30:54,211 - sunmine_log - INFO - Logging works!
2020-09-17 21:30:54,211 - sunmine_log - INFO - Logging works!
2020-09-17 21:30:54,212 - sunmine_log - INFO - Started Sunmine application
2020-09-17 21:30:54,212 - sunmine_log - INFO - Started Sunmine application
2020-09-17 21:30:54,212 - sunmine_log - INFO - Current state of the miner: off
2020-09-17 21:30:54,212 - sunmine_log - INFO - Current state of the miner: off
2020-09-17 21:30:54,213 - sunmine_log - INFO - Getting sunrise/sunset data from the internet...
2020-09-17 21:30:54,213 - sunmine_log - INFO - Getting sunrise/sunset data from the internet...
2020-09-17 21:30:55,082 - sunmine_log - INFO - Sun is up: False
2020-09-17 21:30:55,082 - sunmine_log - INFO - Sun is up: False
2020-09-17 21:30:55,083 - sunmine_log - INFO - Getting weather data from the internet...
2020-09-17 21:30:55,083 - sunmine_log - INFO - Getting weather data from the internet...
